CRITICAL - 2025-07-15 13:02:19 --> ErrorException: Maximum execution time of 60 seconds exceeded
[Method: GET, Route: home/jenjang-json]
in SYSTEMPATH\Debug\Exceptions.php on line 208.
 1 [internal function]: CodeIgniter\Debug\Exceptions->shutdownHandler()
DEBUG - 2025-07-15 13:15:31 --> Session: Class initialized using 'CodeIgniter\Session\Handlers\FileHandler' driver.
ERROR - 2025-07-15 13:16:23 --> Error connecting to the database: mysqli_sql_exception: No connection could be made because the target machine actively refused it in C:\xampp\htdocs\aplikasi-pemetaan-sekolah\system\Database\MySQLi\Connection.php:201
Stack trace:
#0 C:\xampp\htdocs\aplikasi-pemetaan-sekolah\system\Database\MySQLi\Connection.php(201): mysqli->real_connect('localhost', 'root', Object(SensitiveParameterValue), 'app_peta', 3306, '', 0)
#1 C:\xampp\htdocs\aplikasi-pemetaan-sekolah\system\Database\BaseConnection.php(421): CodeIgniter\Database\MySQLi\Connection->connect(false)
#2 C:\xampp\htdocs\aplikasi-pemetaan-sekolah\system\Database\BaseConnection.php(620): CodeIgniter\Database\BaseConnection->initialize()
#3 C:\xampp\htdocs\aplikasi-pemetaan-sekolah\system\Database\BaseBuilder.php(1649): CodeIgniter\Database\BaseConnection->query('SELECT `id_jenj...', Array, false)
#4 C:\xampp\htdocs\aplikasi-pemetaan-sekolah\system\Model.php(286): CodeIgniter\Database\BaseBuilder->get()
#5 C:\xampp\htdocs\aplikasi-pemetaan-sekolah\system\BaseModel.php(679): CodeIgniter\Model->doFindAll(0, 0)
#6 C:\xampp\htdocs\aplikasi-pemetaan-sekolah\app\Controllers\HomeController.php(72): CodeIgniter\BaseModel->findAll()
#7 C:\xampp\htdocs\aplikasi-pemetaan-sekolah\system\CodeIgniter.php(933): App\Controllers\HomeController->jenjangJson()
#8 C:\xampp\htdocs\aplikasi-pemetaan-sekolah\system\CodeIgniter.php(507): CodeIgniter\CodeIgniter->runController(Object(App\Controllers\HomeController))
#9 C:\xampp\htdocs\aplikasi-pemetaan-sekolah\system\CodeIgniter.php(354): CodeIgniter\CodeIgniter->handleRequest(NULL, Object(Config\Cache), false)
#10 C:\xampp\htdocs\aplikasi-pemetaan-sekolah\system\Boot.php(334): CodeIgniter\CodeIgniter->run()
#11 C:\xampp\htdocs\aplikasi-pemetaan-sekolah\system\Boot.php(67): CodeIgniter\Boot::runCodeIgniter(Object(CodeIgniter\CodeIgniter))
#12 C:\xampp\htdocs\aplikasi-pemetaan-sekolah\public\index.php(59): CodeIgniter\Boot::bootWeb(Object(Config\Paths))
#13 C:\xampp\htdocs\aplikasi-pemetaan-sekolah\system\rewrite.php(44): require_once('C:\\xampp\\htdocs...')
#14 {main}

Next CodeIgniter\Database\Exceptions\DatabaseException: No connection could be made because the target machine actively refused it in C:\xampp\htdocs\aplikasi-pemetaan-sekolah\system\Database\MySQLi\Connection.php:246
Stack trace:
#0 C:\xampp\htdocs\aplikasi-pemetaan-sekolah\system\Database\BaseConnection.php(421): CodeIgniter\Database\MySQLi\Connection->connect(false)
#1 C:\xampp\htdocs\aplikasi-pemetaan-sekolah\system\Database\BaseConnection.php(620): CodeIgniter\Database\BaseConnection->initialize()
#2 C:\xampp\htdocs\aplikasi-pemetaan-sekolah\system\Database\BaseBuilder.php(1649): CodeIgniter\Database\BaseConnection->query('SELECT `id_jenj...', Array, false)
#3 C:\xampp\htdocs\aplikasi-pemetaan-sekolah\system\Model.php(286): CodeIgniter\Database\BaseBuilder->get()
#4 C:\xampp\htdocs\aplikasi-pemetaan-sekolah\system\BaseModel.php(679): CodeIgniter\Model->doFindAll(0, 0)
#5 C:\xampp\htdocs\aplikasi-pemetaan-sekolah\app\Controllers\HomeController.php(72): CodeIgniter\BaseModel->findAll()
#6 C:\xampp\htdocs\aplikasi-pemetaan-sekolah\system\CodeIgniter.php(933): App\Controllers\HomeController->jenjangJson()
#7 C:\xampp\htdocs\aplikasi-pemetaan-sekolah\system\CodeIgniter.php(507): CodeIgniter\CodeIgniter->runController(Object(App\Controllers\HomeController))
#8 C:\xampp\htdocs\aplikasi-pemetaan-sekolah\system\CodeIgniter.php(354): CodeIgniter\CodeIgniter->handleRequest(NULL, Object(Config\Cache), false)
#9 C:\xampp\htdocs\aplikasi-pemetaan-sekolah\system\Boot.php(334): CodeIgniter\CodeIgniter->run()
#10 C:\xampp\htdocs\aplikasi-pemetaan-sekolah\system\Boot.php(67): CodeIgniter\Boot::runCodeIgniter(Object(CodeIgniter\CodeIgniter))
#11 C:\xampp\htdocs\aplikasi-pemetaan-sekolah\public\index.php(59): CodeIgniter\Boot::bootWeb(Object(Config\Paths))
#12 C:\xampp\htdocs\aplikasi-pemetaan-sekolah\system\rewrite.php(44): require_once('C:\\xampp\\htdocs...')
#13 {main}
CRITICAL - 2025-07-15 13:16:23 --> CodeIgniter\Database\Exceptions\DatabaseException: Unable to connect to the database.
Main connection [MySQLi]: No connection could be made because the target machine actively refused it
[Method: GET, Route: home/jenjang-json]
in SYSTEMPATH\Database\BaseConnection.php on line 467.
 1 SYSTEMPATH\Database\BaseConnection.php(620): CodeIgniter\Database\BaseConnection->initialize()
 2 SYSTEMPATH\Database\BaseBuilder.php(1649): CodeIgniter\Database\BaseConnection->query('SELECT `id_jenjang`, `nama_jenjang`
FROM `jenjang_pendidikan`', [], false)
 3 SYSTEMPATH\Model.php(286): CodeIgniter\Database\BaseBuilder->get()
 4 SYSTEMPATH\BaseModel.php(679): CodeIgniter\Model->doFindAll(0, 0)
 5 APPPATH\Controllers\HomeController.php(72): CodeIgniter\BaseModel->findAll()
 6 SYSTEMPATH\CodeIgniter.php(933): App\Controllers\HomeController->jenjangJson()
 7 SYSTEMPATH\CodeIgniter.php(507): CodeIgniter\CodeIgniter->runController(Object(App\Controllers\HomeController))
 8 SYSTEMPATH\CodeIgniter.php(354): CodeIgniter\CodeIgniter->handleRequest(null, Object(Config\Cache), false)
 9 SYSTEMPATH\Boot.php(334): CodeIgniter\CodeIgniter->run()
10 SYSTEMPATH\Boot.php(67): CodeIgniter\Boot::runCodeIgniter(Object(CodeIgniter\CodeIgniter))
11 FCPATH\index.php(59): CodeIgniter\Boot::bootWeb(Object(Config\Paths))
12 SYSTEMPATH\rewrite.php(44): require_once('C:\\xampp\\htdocs\\aplikasi-pemetaan-sekolah\\public\\index.php')
DEBUG - 2025-07-15 13:16:54 --> Session: Class initialized using 'CodeIgniter\Session\Handlers\FileHandler' driver.
DEBUG - 2025-07-15 13:16:59 --> Session: Class initialized using 'CodeIgniter\Session\Handlers\FileHandler' driver.
DEBUG - 2025-07-15 13:16:59 --> Session: Class initialized using 'CodeIgniter\Session\Handlers\FileHandler' driver.
DEBUG - 2025-07-15 13:17:01 --> Session: Class initialized using 'CodeIgniter\Session\Handlers\FileHandler' driver.
DEBUG - 2025-07-15 13:17:01 --> Session: Class initialized using 'CodeIgniter\Session\Handlers\FileHandler' driver.
DEBUG - 2025-07-15 13:17:07 --> Session: Class initialized using 'CodeIgniter\Session\Handlers\FileHandler' driver.
DEBUG - 2025-07-15 13:17:07 --> Session: Class initialized using 'CodeIgniter\Session\Handlers\FileHandler' driver.
DEBUG - 2025-07-15 13:17:09 --> Session: Class initialized using 'CodeIgniter\Session\Handlers\FileHandler' driver.
DEBUG - 2025-07-15 13:17:09 --> Session: Class initialized using 'CodeIgniter\Session\Handlers\FileHandler' driver.
DEBUG - 2025-07-15 13:17:11 --> Session: Class initialized using 'CodeIgniter\Session\Handlers\FileHandler' driver.
