DEBUG - 2025-07-14 09:08:18 --> Session: Class initialized using 'CodeIgniter\Session\Handlers\FileHandler' driver.
DEBUG - 2025-07-14 09:08:27 --> Session: Class initialized using 'CodeIgniter\Session\Handlers\FileHandler' driver.
DEBUG - 2025-07-14 09:08:28 --> Session: Class initialized using 'CodeIgniter\Session\Handlers\FileHandler' driver.
DEBUG - 2025-07-14 09:08:34 --> Session: Class initialized using 'CodeIgniter\Session\Handlers\FileHandler' driver.
DEBUG - 2025-07-14 09:08:34 --> Session: Class initialized using 'CodeIgniter\Session\Handlers\FileHandler' driver.
DEBUG - 2025-07-14 09:08:40 --> Session: Class initialized using 'CodeIgniter\Session\Handlers\FileHandler' driver.
DEBUG - 2025-07-14 09:08:51 --> Session: Class initialized using 'CodeIgniter\Session\Handlers\FileHandler' driver.
DEBUG - 2025-07-14 09:08:55 --> Session: Class initialized using 'CodeIgniter\Session\Handlers\FileHandler' driver.
DEBUG - 2025-07-14 09:09:10 --> Session: Class initialized using 'CodeIgniter\Session\Handlers\FileHandler' driver.
DEBUG - 2025-07-14 09:14:13 --> Session: Class initialized using 'CodeIgniter\Session\Handlers\FileHandler' driver.
DEBUG - 2025-07-14 09:14:13 --> Session: Class initialized using 'CodeIgniter\Session\Handlers\FileHandler' driver.
DEBUG - 2025-07-14 09:14:15 --> Session: Class initialized using 'CodeIgniter\Session\Handlers\FileHandler' driver.
DEBUG - 2025-07-14 09:14:15 --> Session: Class initialized using 'CodeIgniter\Session\Handlers\FileHandler' driver.
DEBUG - 2025-07-14 09:14:20 --> Session: Class initialized using 'CodeIgniter\Session\Handlers\FileHandler' driver.
DEBUG - 2025-07-14 09:14:21 --> Session: Class initialized using 'CodeIgniter\Session\Handlers\FileHandler' driver.
DEBUG - 2025-07-14 09:14:30 --> Session: Class initialized using 'CodeIgniter\Session\Handlers\FileHandler' driver.
DEBUG - 2025-07-14 09:14:31 --> Session: Class initialized using 'CodeIgniter\Session\Handlers\FileHandler' driver.
DEBUG - 2025-07-14 09:14:47 --> Session: Class initialized using 'CodeIgniter\Session\Handlers\FileHandler' driver.
DEBUG - 2025-07-14 09:14:48 --> Session: Class initialized using 'CodeIgniter\Session\Handlers\FileHandler' driver.
DEBUG - 2025-07-14 09:14:48 --> Session: Class initialized using 'CodeIgniter\Session\Handlers\FileHandler' driver.
DEBUG - 2025-07-14 09:14:55 --> Session: Class initialized using 'CodeIgniter\Session\Handlers\FileHandler' driver.
DEBUG - 2025-07-14 09:14:56 --> Session: Class initialized using 'CodeIgniter\Session\Handlers\FileHandler' driver.
ERROR - 2025-07-14 15:35:30 --> Error connecting to the database: mysqli_sql_exception: No connection could be made because the target machine actively refused it in C:\xampp\htdocs\aplikasi-pemetaan-sekolah\system\Database\MySQLi\Connection.php:201
Stack trace:
#0 C:\xampp\htdocs\aplikasi-pemetaan-sekolah\system\Database\MySQLi\Connection.php(201): mysqli->real_connect('localhost', 'root', Object(SensitiveParameterValue), 'app_peta', 3306, '', 0)
#1 C:\xampp\htdocs\aplikasi-pemetaan-sekolah\system\Database\BaseConnection.php(421): CodeIgniter\Database\MySQLi\Connection->connect(false)
#2 C:\xampp\htdocs\aplikasi-pemetaan-sekolah\system\Database\BaseConnection.php(620): CodeIgniter\Database\BaseConnection->initialize()
#3 C:\xampp\htdocs\aplikasi-pemetaan-sekolah\system\Database\BaseBuilder.php(1649): CodeIgniter\Database\BaseConnection->query('SELECT `id_jenj...', Array, false)
#4 C:\xampp\htdocs\aplikasi-pemetaan-sekolah\system\Model.php(286): CodeIgniter\Database\BaseBuilder->get()
#5 C:\xampp\htdocs\aplikasi-pemetaan-sekolah\system\BaseModel.php(679): CodeIgniter\Model->doFindAll(0, 0)
#6 C:\xampp\htdocs\aplikasi-pemetaan-sekolah\app\Controllers\HomeController.php(72): CodeIgniter\BaseModel->findAll()
#7 C:\xampp\htdocs\aplikasi-pemetaan-sekolah\system\CodeIgniter.php(933): App\Controllers\HomeController->jenjangJson()
#8 C:\xampp\htdocs\aplikasi-pemetaan-sekolah\system\CodeIgniter.php(507): CodeIgniter\CodeIgniter->runController(Object(App\Controllers\HomeController))
#9 C:\xampp\htdocs\aplikasi-pemetaan-sekolah\system\CodeIgniter.php(354): CodeIgniter\CodeIgniter->handleRequest(NULL, Object(Config\Cache), false)
#10 C:\xampp\htdocs\aplikasi-pemetaan-sekolah\system\Boot.php(334): CodeIgniter\CodeIgniter->run()
#11 C:\xampp\htdocs\aplikasi-pemetaan-sekolah\system\Boot.php(67): CodeIgniter\Boot::runCodeIgniter(Object(CodeIgniter\CodeIgniter))
#12 C:\xampp\htdocs\aplikasi-pemetaan-sekolah\public\index.php(59): CodeIgniter\Boot::bootWeb(Object(Config\Paths))
#13 C:\xampp\htdocs\aplikasi-pemetaan-sekolah\system\rewrite.php(44): require_once('C:\\xampp\\htdocs...')
#14 {main}

Next CodeIgniter\Database\Exceptions\DatabaseException: No connection could be made because the target machine actively refused it in C:\xampp\htdocs\aplikasi-pemetaan-sekolah\system\Database\MySQLi\Connection.php:246
Stack trace:
#0 C:\xampp\htdocs\aplikasi-pemetaan-sekolah\system\Database\BaseConnection.php(421): CodeIgniter\Database\MySQLi\Connection->connect(false)
#1 C:\xampp\htdocs\aplikasi-pemetaan-sekolah\system\Database\BaseConnection.php(620): CodeIgniter\Database\BaseConnection->initialize()
#2 C:\xampp\htdocs\aplikasi-pemetaan-sekolah\system\Database\BaseBuilder.php(1649): CodeIgniter\Database\BaseConnection->query('SELECT `id_jenj...', Array, false)
#3 C:\xampp\htdocs\aplikasi-pemetaan-sekolah\system\Model.php(286): CodeIgniter\Database\BaseBuilder->get()
#4 C:\xampp\htdocs\aplikasi-pemetaan-sekolah\system\BaseModel.php(679): CodeIgniter\Model->doFindAll(0, 0)
#5 C:\xampp\htdocs\aplikasi-pemetaan-sekolah\app\Controllers\HomeController.php(72): CodeIgniter\BaseModel->findAll()
#6 C:\xampp\htdocs\aplikasi-pemetaan-sekolah\system\CodeIgniter.php(933): App\Controllers\HomeController->jenjangJson()
#7 C:\xampp\htdocs\aplikasi-pemetaan-sekolah\system\CodeIgniter.php(507): CodeIgniter\CodeIgniter->runController(Object(App\Controllers\HomeController))
#8 C:\xampp\htdocs\aplikasi-pemetaan-sekolah\system\CodeIgniter.php(354): CodeIgniter\CodeIgniter->handleRequest(NULL, Object(Config\Cache), false)
#9 C:\xampp\htdocs\aplikasi-pemetaan-sekolah\system\Boot.php(334): CodeIgniter\CodeIgniter->run()
#10 C:\xampp\htdocs\aplikasi-pemetaan-sekolah\system\Boot.php(67): CodeIgniter\Boot::runCodeIgniter(Object(CodeIgniter\CodeIgniter))
#11 C:\xampp\htdocs\aplikasi-pemetaan-sekolah\public\index.php(59): CodeIgniter\Boot::bootWeb(Object(Config\Paths))
#12 C:\xampp\htdocs\aplikasi-pemetaan-sekolah\system\rewrite.php(44): require_once('C:\\xampp\\htdocs...')
#13 {main}
CRITICAL - 2025-07-14 15:35:30 --> CodeIgniter\Database\Exceptions\DatabaseException: Unable to connect to the database.
Main connection [MySQLi]: No connection could be made because the target machine actively refused it
[Method: GET, Route: home/jenjang-json]
in SYSTEMPATH\Database\BaseConnection.php on line 467.
 1 SYSTEMPATH\Database\BaseConnection.php(620): CodeIgniter\Database\BaseConnection->initialize()
 2 SYSTEMPATH\Database\BaseBuilder.php(1649): CodeIgniter\Database\BaseConnection->query('SELECT `id_jenjang`, `nama_jenjang`
FROM `jenjang_pendidikan`', [], false)
 3 SYSTEMPATH\Model.php(286): CodeIgniter\Database\BaseBuilder->get()
 4 SYSTEMPATH\BaseModel.php(679): CodeIgniter\Model->doFindAll(0, 0)
 5 APPPATH\Controllers\HomeController.php(72): CodeIgniter\BaseModel->findAll()
 6 SYSTEMPATH\CodeIgniter.php(933): App\Controllers\HomeController->jenjangJson()
 7 SYSTEMPATH\CodeIgniter.php(507): CodeIgniter\CodeIgniter->runController(Object(App\Controllers\HomeController))
 8 SYSTEMPATH\CodeIgniter.php(354): CodeIgniter\CodeIgniter->handleRequest(null, Object(Config\Cache), false)
 9 SYSTEMPATH\Boot.php(334): CodeIgniter\CodeIgniter->run()
10 SYSTEMPATH\Boot.php(67): CodeIgniter\Boot::runCodeIgniter(Object(CodeIgniter\CodeIgniter))
11 FCPATH\index.php(59): CodeIgniter\Boot::bootWeb(Object(Config\Paths))
12 SYSTEMPATH\rewrite.php(44): require_once('C:\\xampp\\htdocs\\aplikasi-pemetaan-sekolah\\public\\index.php')
ERROR - 2025-07-14 15:35:34 --> Error connecting to the database: mysqli_sql_exception: No connection could be made because the target machine actively refused it in C:\xampp\htdocs\aplikasi-pemetaan-sekolah\system\Database\MySQLi\Connection.php:201
Stack trace:
#0 C:\xampp\htdocs\aplikasi-pemetaan-sekolah\system\Database\MySQLi\Connection.php(201): mysqli->real_connect('localhost', 'root', Object(SensitiveParameterValue), 'app_peta', 3306, '', 0)
#1 C:\xampp\htdocs\aplikasi-pemetaan-sekolah\system\Database\BaseConnection.php(421): CodeIgniter\Database\MySQLi\Connection->connect(false)
#2 C:\xampp\htdocs\aplikasi-pemetaan-sekolah\system\Database\BaseConnection.php(620): CodeIgniter\Database\BaseConnection->initialize()
#3 C:\xampp\htdocs\aplikasi-pemetaan-sekolah\system\Database\BaseBuilder.php(1649): CodeIgniter\Database\BaseConnection->query('SELECT `sekolah...', Array, false)
#4 C:\xampp\htdocs\aplikasi-pemetaan-sekolah\system\Model.php(286): CodeIgniter\Database\BaseBuilder->get()
#5 C:\xampp\htdocs\aplikasi-pemetaan-sekolah\system\BaseModel.php(679): CodeIgniter\Model->doFindAll(0, 0)
#6 C:\xampp\htdocs\aplikasi-pemetaan-sekolah\app\Controllers\HomeController.php(60): CodeIgniter\BaseModel->findAll()
#7 C:\xampp\htdocs\aplikasi-pemetaan-sekolah\system\CodeIgniter.php(933): App\Controllers\HomeController->sekolahJson()
#8 C:\xampp\htdocs\aplikasi-pemetaan-sekolah\system\CodeIgniter.php(507): CodeIgniter\CodeIgniter->runController(Object(App\Controllers\HomeController))
#9 C:\xampp\htdocs\aplikasi-pemetaan-sekolah\system\CodeIgniter.php(354): CodeIgniter\CodeIgniter->handleRequest(NULL, Object(Config\Cache), false)
#10 C:\xampp\htdocs\aplikasi-pemetaan-sekolah\system\Boot.php(334): CodeIgniter\CodeIgniter->run()
#11 C:\xampp\htdocs\aplikasi-pemetaan-sekolah\system\Boot.php(67): CodeIgniter\Boot::runCodeIgniter(Object(CodeIgniter\CodeIgniter))
#12 C:\xampp\htdocs\aplikasi-pemetaan-sekolah\public\index.php(59): CodeIgniter\Boot::bootWeb(Object(Config\Paths))
#13 C:\xampp\htdocs\aplikasi-pemetaan-sekolah\system\rewrite.php(44): require_once('C:\\xampp\\htdocs...')
#14 {main}

Next CodeIgniter\Database\Exceptions\DatabaseException: No connection could be made because the target machine actively refused it in C:\xampp\htdocs\aplikasi-pemetaan-sekolah\system\Database\MySQLi\Connection.php:246
Stack trace:
#0 C:\xampp\htdocs\aplikasi-pemetaan-sekolah\system\Database\BaseConnection.php(421): CodeIgniter\Database\MySQLi\Connection->connect(false)
#1 C:\xampp\htdocs\aplikasi-pemetaan-sekolah\system\Database\BaseConnection.php(620): CodeIgniter\Database\BaseConnection->initialize()
#2 C:\xampp\htdocs\aplikasi-pemetaan-sekolah\system\Database\BaseBuilder.php(1649): CodeIgniter\Database\BaseConnection->query('SELECT `sekolah...', Array, false)
#3 C:\xampp\htdocs\aplikasi-pemetaan-sekolah\system\Model.php(286): CodeIgniter\Database\BaseBuilder->get()
#4 C:\xampp\htdocs\aplikasi-pemetaan-sekolah\system\BaseModel.php(679): CodeIgniter\Model->doFindAll(0, 0)
#5 C:\xampp\htdocs\aplikasi-pemetaan-sekolah\app\Controllers\HomeController.php(60): CodeIgniter\BaseModel->findAll()
#6 C:\xampp\htdocs\aplikasi-pemetaan-sekolah\system\CodeIgniter.php(933): App\Controllers\HomeController->sekolahJson()
#7 C:\xampp\htdocs\aplikasi-pemetaan-sekolah\system\CodeIgniter.php(507): CodeIgniter\CodeIgniter->runController(Object(App\Controllers\HomeController))
#8 C:\xampp\htdocs\aplikasi-pemetaan-sekolah\system\CodeIgniter.php(354): CodeIgniter\CodeIgniter->handleRequest(NULL, Object(Config\Cache), false)
#9 C:\xampp\htdocs\aplikasi-pemetaan-sekolah\system\Boot.php(334): CodeIgniter\CodeIgniter->run()
#10 C:\xampp\htdocs\aplikasi-pemetaan-sekolah\system\Boot.php(67): CodeIgniter\Boot::runCodeIgniter(Object(CodeIgniter\CodeIgniter))
#11 C:\xampp\htdocs\aplikasi-pemetaan-sekolah\public\index.php(59): CodeIgniter\Boot::bootWeb(Object(Config\Paths))
#12 C:\xampp\htdocs\aplikasi-pemetaan-sekolah\system\rewrite.php(44): require_once('C:\\xampp\\htdocs...')
#13 {main}
CRITICAL - 2025-07-14 15:35:34 --> CodeIgniter\Database\Exceptions\DatabaseException: Unable to connect to the database.
Main connection [MySQLi]: No connection could be made because the target machine actively refused it
[Method: GET, Route: home/sekolah-json]
in SYSTEMPATH\Database\BaseConnection.php on line 467.
 1 SYSTEMPATH\Database\BaseConnection.php(620): CodeIgniter\Database\BaseConnection->initialize()
 2 SYSTEMPATH\Database\BaseBuilder.php(1649): CodeIgniter\Database\BaseConnection->query('SELECT `sekolah`.`nama_sekolah`, `sekolah`.`alamat`, `sekolah`.`latitude`, `sekolah`.`longitude`, `sekolah`.`foto`, `sekolah`.`npsn`, `sekolah`.`akreditasi`, `sekolah`.`status`, `sekolah`.`id_jenjang`, `kepala_sekolah`.`nama_kepsek`, `kecamatan`.`nama_kecamatan`, `desa`.`nama_desa`, `jenjang_pendidikan`.`nama_jenjang`, `users`.`username` as `nama_operator`
FROM `sekolah`
LEFT JOIN `jenjang_pendidikan` ON `jenjang_pendidikan`.`id_jenjang` = `sekolah`.`id_jenjang`
LEFT JOIN `kecamatan` ON `kecamatan`.`id_kecamatan` = `sekolah`.`id_kecamatan`
LEFT JOIN `desa` ON `desa`.`id_desa` = `sekolah`.`id_desa`
LEFT JOIN `kepala_sekolah` ON `kepala_sekolah`.`id_sekolah` = `sekolah`.`id_sekolah`
LEFT JOIN `users` ON `users`.`id_sekolah` = `sekolah`.`id_sekolah` AND `users`.`role` = \'operator\'
WHERE `sekolah`.`latitude` IS NOT NULL
AND `sekolah`.`latitude` != \'\'
AND `sekolah`.`longitude` IS NOT NULL
AND `sekolah`.`longitude` != \'\'
AND `sekolah`.`status` IN :sekolah.status:', [...], false)
 3 SYSTEMPATH\Model.php(286): CodeIgniter\Database\BaseBuilder->get()
 4 SYSTEMPATH\BaseModel.php(679): CodeIgniter\Model->doFindAll(0, 0)
 5 APPPATH\Controllers\HomeController.php(60): CodeIgniter\BaseModel->findAll()
 6 SYSTEMPATH\CodeIgniter.php(933): App\Controllers\HomeController->sekolahJson()
 7 SYSTEMPATH\CodeIgniter.php(507): CodeIgniter\CodeIgniter->runController(Object(App\Controllers\HomeController))
 8 SYSTEMPATH\CodeIgniter.php(354): CodeIgniter\CodeIgniter->handleRequest(null, Object(Config\Cache), false)
 9 SYSTEMPATH\Boot.php(334): CodeIgniter\CodeIgniter->run()
10 SYSTEMPATH\Boot.php(67): CodeIgniter\Boot::runCodeIgniter(Object(CodeIgniter\CodeIgniter))
11 FCPATH\index.php(59): CodeIgniter\Boot::bootWeb(Object(Config\Paths))
12 SYSTEMPATH\rewrite.php(44): require_once('C:\\xampp\\htdocs\\aplikasi-pemetaan-sekolah\\public\\index.php')
